2025-04-23 08:11:42,089 INFO: Yoga app startup [in /Users/elizakorzilius/Desktop/Spring 25/UI Design/ui-final-project/Yoga/server.py:26]
2025-04-23 08:11:42,091 INFO: Successfully loaded quiz data [in /Users/elizakorzilius/Desktop/Spring 25/UI Design/ui-final-project/Yoga/server.py:51]
2025-04-23 08:11:42,091 INFO: Successfully loaded learning data [in /Users/elizakorzilius/Desktop/Spring 25/UI Design/ui-final-project/Yoga/server.py:66]
2025-04-23 08:11:42,276 INFO: Yoga app startup [in /Users/elizakorzilius/Desktop/Spring 25/UI Design/ui-final-project/Yoga/server.py:26]
2025-04-23 08:11:42,277 INFO: Successfully loaded quiz data [in /Users/elizakorzilius/Desktop/Spring 25/UI Design/ui-final-project/Yoga/server.py:51]
2025-04-23 08:11:42,278 INFO: Successfully loaded learning data [in /Users/elizakorzilius/Desktop/Spring 25/UI Design/ui-final-project/Yoga/server.py:66]
2025-04-23 08:11:44,410 INFO: Home page accessed [in /Users/elizakorzilius/Desktop/Spring 25/UI Design/ui-final-project/Yoga/server.py:93]
2025-04-23 08:11:45,473 INFO: Learn page accessed by session e4fb94a6-a668-4c0a-bc22-6476451fcd4a [in /Users/elizakorzilius/Desktop/Spring 25/UI Design/ui-final-project/Yoga/server.py:109]
2025-04-23 08:11:51,991 INFO: Learn section 3 accessed by session e4fb94a6-a668-4c0a-bc22-6476451fcd4a [in /Users/elizakorzilius/Desktop/Spring 25/UI Design/ui-final-project/Yoga/server.py:132]
2025-04-23 08:15:51,682 INFO: Yoga app startup [in /Users/elizakorzilius/Desktop/Spring 25/UI Design/ui-final-project/Yoga/server.py:26]
2025-04-23 08:15:51,684 INFO: Successfully loaded quiz data [in /Users/elizakorzilius/Desktop/Spring 25/UI Design/ui-final-project/Yoga/server.py:51]
2025-04-23 08:15:51,684 INFO: Successfully loaded learning data [in /Users/elizakorzilius/Desktop/Spring 25/UI Design/ui-final-project/Yoga/server.py:66]
2025-04-23 08:15:51,877 INFO: Yoga app startup [in /Users/elizakorzilius/Desktop/Spring 25/UI Design/ui-final-project/Yoga/server.py:26]
2025-04-23 08:15:51,878 INFO: Successfully loaded quiz data [in /Users/elizakorzilius/Desktop/Spring 25/UI Design/ui-final-project/Yoga/server.py:51]
2025-04-23 08:15:51,878 INFO: Successfully loaded learning data [in /Users/elizakorzilius/Desktop/Spring 25/UI Design/ui-final-project/Yoga/server.py:66]
2025-04-23 08:15:53,511 INFO: Home page accessed [in /Users/elizakorzilius/Desktop/Spring 25/UI Design/ui-final-project/Yoga/server.py:93]
2025-04-23 08:16:23,390 INFO: Learn page accessed by session d5c0dce0-f0e7-43a3-b0b7-674d1059619d [in /Users/elizakorzilius/Desktop/Spring 25/UI Design/ui-final-project/Yoga/server.py:109]
2025-04-23 08:16:25,260 INFO: Learn section 1 accessed by session d5c0dce0-f0e7-43a3-b0b7-674d1059619d [in /Users/elizakorzilius/Desktop/Spring 25/UI Design/ui-final-project/Yoga/server.py:132]
2025-04-23 08:16:28,163 INFO: Learn section 2 accessed by session d5c0dce0-f0e7-43a3-b0b7-674d1059619d [in /Users/elizakorzilius/Desktop/Spring 25/UI Design/ui-final-project/Yoga/server.py:132]
2025-04-23 08:16:37,886 INFO: Learn page accessed by session d5c0dce0-f0e7-43a3-b0b7-674d1059619d [in /Users/elizakorzilius/Desktop/Spring 25/UI Design/ui-final-project/Yoga/server.py:109]
2025-04-23 08:16:39,149 INFO: Learn section 2 accessed by session d5c0dce0-f0e7-43a3-b0b7-674d1059619d [in /Users/elizakorzilius/Desktop/Spring 25/UI Design/ui-final-project/Yoga/server.py:132]
